<?xml version="1.0" encoding="UTF-8"?>
<!-- Generated by org.testng.reporters.JUnitReportReporter -->
<testsuite hostname="DESKTOP-HGKCIT5" failures="0" tests="2" name="Assertion.HardAssert" time="10.036" errors="0" timestamp="2022-02-13T22:18:41 GMT-08:00" skipped="0">
  <testcase classname="Assertion.HardAssert" name="getdriver" time="10.027"/>
  <system-out>
    <![CDATA[checkbox is not selected
checkbox is  selected
Actual and expected title matched
Actual and expected title not matched
object is null
object is not null]]>
  </system-out>
  <testcase classname="Assertion.HardAssert" name="softaseert" time="0.009"/>
  <system-out>
    <![CDATA[object is null
object is not  null]]>
  </system-out>
</testsuite> <!-- Assertion.HardAssert -->
