<?xml version="1.0" encoding="UTF-8"?>
<!-- Generated by org.testng.reporters.JUnitReportReporter -->
<testsuite hostname="DESKTOP-HGKCIT5" failures="0" tests="1" name="co.Koshikawebdriver.Adminn" time="16.667" errors="0" timestamp="2022-02-14T07:07:18 GMT-08:00" skipped="0">
  <testcase classname="co.Koshikawebdriver.Adminn" name="login1" time="16.667"/>
  <system-out/>
</testsuite> <!-- co.Koshikawebdriver.Adminn -->
