<?xml version="1.0" encoding="UTF-8"?>
<!-- Generated by org.testng.reporters.JUnitReportReporter -->
<testsuite hostname="DESKTOP-HGKCIT5" failures="0" tests="2" name="Assertion.DependonMethod" time="10.798" errors="0" timestamp="2022-02-10T22:11:30 GMT-08:00" skipped="0">
  <testcase classname="Assertion.DependonMethod" name="Launch" time="9.011"/>
  <system-out>
    <![CDATA[pass username and password successfully]]>
  </system-out>
  <testcase classname="Assertion.DependonMethod" name="loginclick" time="1.787"/>
  <system-out>
    <![CDATA[login is successfull]]>
  </system-out>
</testsuite> <!-- Assertion.DependonMethod -->
