<?xml version="1.0" encoding="UTF-8"?>
<!-- Generated by org.testng.reporters.JUnitReportReporter -->
<testsuite hostname="DESKTOP-HGKCIT5" failures="0" tests="4" name="Testngg.Cookie1" time="6.034" errors="0" timestamp="2022-02-10T05:20:15 GMT-08:00" skipped="0">
  <testcase classname="Testngg.Cookie1" name="Launch_url" time="4.784"/>
  <system-out/>
  <testcase classname="Testngg.Cookie1" name="Find_cookie" time="0.807"/>
  <system-out/>
  <testcase classname="Testngg.Cookie1" name="Add_cookie" time="0.168"/>
  <system-out/>
  <testcase classname="Testngg.Cookie1" name="deleate_cookies" time="0.275"/>
  <system-out/>
</testsuite> <!-- Testngg.Cookie1 -->
