<?xml version="1.0" encoding="UTF-8"?>
<!-- Generated by org.testng.reporters.JUnitReportReporter -->
<testsuite hostname="DESKTOP-HGKCIT5" failures="0" tests="1" name="co.Koshikawebdriver.SelectClassassign" time="19.979" errors="0" timestamp="2022-02-09T23:30:14 GMT-08:00" skipped="0">
  <testcase classname="co.Koshikawebdriver.SelectClassassign" name="login" time="19.979"/>
  <system-out/>
</testsuite> <!-- co.Koshikawebdriver.SelectClassassign -->
