<?xml version="1.0" encoding="UTF-8"?>
<!-- Generated by org.testng.reporters.JUnitReportReporter -->
<testsuite hostname="DESKTOP-HGKCIT5" failures="0" tests="14" name="co.Koshikawebdriver.TestingScond" time="5.426" errors="0" timestamp="2022-02-09T07:24:21 GMT-08:00" skipped="0">
  <testcase classname="co.Koshikawebdriver.TestingScond" name="C" time="0.006"/>
  <system-out/>
  <testcase classname="co.Koshikawebdriver.TestingScond" name="C" time="0.010"/>
  <system-out/>
  <testcase classname="co.Koshikawebdriver.TestingScond" name="C" time="0.006"/>
  <system-out/>
  <testcase classname="co.Koshikawebdriver.TestingScond" name="C" time="0.015"/>
  <system-out/>
  <testcase classname="co.Koshikawebdriver.TestingScond" name="A" time="5.327"/>
  <system-out/>
  <testcase classname="co.Koshikawebdriver.TestingScond" name="B" time="0.010"/>
  <system-out>
    <![CDATA[login successfully in site]]>
  </system-out>
  <testcase classname="co.Koshikawebdriver.TestingScond" name="B" time="0.005"/>
  <system-out>
    <![CDATA[login successfully in site]]>
  </system-out>
  <testcase classname="co.Koshikawebdriver.TestingScond" name="B" time="0.002"/>
  <system-out>
    <![CDATA[login successfully in site]]>
  </system-out>
  <testcase classname="co.Koshikawebdriver.TestingScond" name="B" time="0.007"/>
  <system-out>
    <![CDATA[login successfully in site]]>
  </system-out>
  <testcase classname="co.Koshikawebdriver.TestingScond" name="E" time="0.011"/>
  <system-out>
    <![CDATA[e ]]>
  </system-out>
  <testcase classname="co.Koshikawebdriver.TestingScond" name="E" time="0.008"/>
  <system-out>
    <![CDATA[e ]]>
  </system-out>
  <testcase classname="co.Koshikawebdriver.TestingScond" name="D" time="0.014"/>
  <system-out>
    <![CDATA[d]]>
  </system-out>
  <testcase classname="co.Koshikawebdriver.TestingScond" name="D" time="0.003"/>
  <system-out>
    <![CDATA[d]]>
  </system-out>
  <testcase classname="co.Koshikawebdriver.TestingScond" name="E" time="0.002"/>
  <system-out>
    <![CDATA[e ]]>
  </system-out>
</testsuite> <!-- co.Koshikawebdriver.TestingScond -->
