<?xml version="1.0" encoding="UTF-8"?>
<!-- Generated by org.testng.reporters.JUnitReportReporter -->
<testsuite hostname="DESKTOP-HGKCIT5" failures="0" tests="6" name="co.Testng1.OrangeHrm2" time="23.007" errors="0" timestamp="2022-02-10T07:02:32 GMT-08:00" skipped="0">
  <testcase classname="co.Testng1.OrangeHrm2" name="LanchUrrl1" time="12.234"/>
  <system-out/>
  <testcase classname="co.Testng1.OrangeHrm2" name="signin111" time="6.656"/>
  <system-out/>
  <testcase classname="co.Testng1.OrangeHrm2" name="Requirement" time="2.639"/>
  <system-out/>
  <testcase classname="co.Testng1.OrangeHrm2" name="Selectt" time="0.708"/>
  <system-out/>
  <testcase classname="co.Testng1.OrangeHrm2" name="DatePicker11" time="0.653"/>
  <system-out/>
  <testcase classname="co.Testng1.OrangeHrm2" name="Checkbox1" time="0.117"/>
  <system-out/>
</testsuite> <!-- co.Testng1.OrangeHrm2 -->
