<?xml version="1.0" encoding="UTF-8"?>
<!-- Generated by org.testng.reporters.JUnitReportReporter -->
<testsuite hostname="DESKTOP-HGKCIT5" failures="0" tests="7" name="co.Testng1.OrangeHrm2$ORG2" time="30.751" errors="0" timestamp="2022-02-10T05:34:37 GMT-08:00" skipped="0">
  <testcase classname="co.Testng1.OrangeHrm2$ORG2" name="LanchUrrl1" time="11.585"/>
  <system-out/>
  <testcase classname="co.Testng1.OrangeHrm2$ORG2" name="signin111" time="11.708"/>
  <system-out/>
  <testcase classname="co.Testng1.OrangeHrm2$ORG2" name="Requirement" time="2.439"/>
  <system-out/>
  <testcase classname="co.Testng1.OrangeHrm2$ORG2" name="Selectt" time="0.885"/>
  <system-out/>
  <testcase classname="co.Testng1.OrangeHrm2$ORG2" name="DatePicker11" time="0.727"/>
  <system-out/>
  <testcase classname="co.Testng1.OrangeHrm2$ORG2" name="Checkbox1" time="0.177"/>
  <system-out/>
  <testcase classname="co.Testng1.OrangeHrm2$ORG2" name="Quite" time="3.230"/>
  <system-out/>
</testsuite> <!-- co.Testng1.OrangeHrm2$ORG2 -->
