<?xml version="1.0" encoding="UTF-8"?>
<!-- Generated by org.testng.reporters.JUnitReportReporter -->
<testsuite hostname="DESKTOP-HGKCIT5" failures="0" tests="7" name="co.Testng1.Signup_form" time="12.402" errors="0" timestamp="2022-02-14T06:29:36 GMT-08:00" skipped="0">
  <testcase classname="co.Testng1.Signup_form" name="LaunchUrl1" time="9.047"/>
  <system-out/>
  <testcase classname="co.Testng1.Signup_form" name="Register" time="1.408"/>
  <system-out/>
  <testcase classname="co.Testng1.Signup_form" name="radio_button" time="0.132"/>
  <system-out/>
  <testcase classname="co.Testng1.Signup_form" name="Check_box" time="0.571"/>
  <system-out/>
  <testcase classname="co.Testng1.Signup_form" name="Drop_down" time="0.364"/>
  <system-out/>
  <testcase classname="co.Testng1.Signup_form" name="ActionclassKey" time="0.484"/>
  <system-out/>
  <testcase classname="co.Testng1.Signup_form" name="Date_pick" time="0.396"/>
  <system-out/>
</testsuite> <!-- co.Testng1.Signup_form -->
