<?xml version="1.0" encoding="UTF-8"?>
<!-- Generated by org.testng.reporters.JUnitReportReporter -->
<testsuite hostname="DESKTOP-HGKCIT5" failures="0" tests="1" name="Assertion.Checkbox_test" time="8.682" errors="0" timestamp="2022-02-10T20:48:57 GMT-08:00" skipped="0">
  <testcase classname="Assertion.Checkbox_test" name="getdriver" time="8.682"/>
  <system-out>
    <![CDATA[checkbox is not selected
checkbox is  selected
Actual and expected title matched
Actual and expected title not matched
object is null
object is not null]]>
  </system-out>
</testsuite> <!-- Assertion.Checkbox_test -->
