<?xml version="1.0" encoding="UTF-8"?>
<!-- Generated by org.testng.reporters.JUnitReportReporter -->
<testsuite hostname="DESKTOP-HGKCIT5" failures="0" tests="6" name="Testngg.Assignment1" time="27.322" errors="0" timestamp="2022-02-10T05:20:15 GMT-08:00" skipped="0">
  <testcase classname="Testngg.Assignment1" name="LanchUrl" time="9.060"/>
  <system-out/>
  <testcase classname="Testngg.Assignment1" name="signin" time="6.201"/>
  <system-out/>
  <testcase classname="Testngg.Assignment1" name="DatePicker1" time="5.200"/>
  <system-out/>
  <testcase classname="Testngg.Assignment1" name="DatePicker2" time="0.759"/>
  <system-out/>
  <testcase classname="Testngg.Assignment1" name="click_search" time="0.833"/>
  <system-out/>
  <testcase classname="Testngg.Assignment1" name="close_driver" time="5.269"/>
  <system-out/>
</testsuite> <!-- Testngg.Assignment1 -->
