<?xml version="1.0" encoding="UTF-8"?>
<!-- Generated by org.testng.reporters.JUnitReportReporter -->
<testsuite hostname="DESKTOP-HGKCIT5" failures="0" tests="1" name="co.Koshikawebdriver.Leave" time="32.578" errors="0" timestamp="2022-02-09T20:57:42 GMT-08:00" skipped="0">
  <testcase classname="co.Koshikawebdriver.Leave" name="login1" time="32.578"/>
  <system-out/>
</testsuite> <!-- co.Koshikawebdriver.Leave -->
